# JRE version: Java(TM) SE Runtime Environment (7.0_79-b15) (build 1.7.0_79-b15)
# Java VM: Java HotSpot(TM) 64-Bit Server VM (24.79-b02 mixed mode windows-amd64 compressed oops)
Heap
 PSYoungGen      total 625152K, used 140240K [0x00000007aaa80000, 0x00000007e0180000, 0x0000000800000000)
  eden space 433664K, 5% used [0x00000007aaa80000,0x00000007ac3440f8,0x00000007c5200000)
  from space 191488K, 59% used [0x00000007d4680000,0x00000007db6affa0,0x00000007e0180000)
  to   space 164352K, 0% used [0x00000007c5200000,0x00000007c5200000,0x00000007cf280000)
 ParOldGen       total 669184K, used 668933K [0x0000000700000000, 0x0000000728d80000, 0x00000007aaa80000)
  object space 669184K, 99% used [0x0000000700000000,0x0000000728d416f0,0x0000000728d80000)
 PSPermGen       total 21504K, used 6380K [0x00000006fae00000, 0x00000006fc300000, 0x0000000700000000)
  object space 21504K, 29% used [0x00000006fae00000,0x00000006fb43b310,0x00000006fc300000)
GC Heap History (10 events):
Event: 34.922 GC heap before
{Heap before GC invocations=26 (full 5):
 PSYoungGen      total 625152K, used 621408K [0x00000007aaa80000, 0x00000007e0180000, 0x0000000800000000)
  eden space 433664K, 100% used [0x00000007aaa80000,0x00000007c5200000,0x00000007c5200000)
  from space 191488K, 98% used [0x00000007d4680000,0x00000007dfdd8058,0x00000007e0180000)
  to   space 164352K, 0% used [0x00000007c5200000,0x00000007c5200000,0x00000007cf280000)
 ParOldGen       total 669184K, used 458586K [0x0000000700000000, 0x0000000728d80000, 0x00000007aaa80000)
  object space 669184K, 68% used [0x0000000700000000,0x000000071bfd6bf0,0x0000000728d80000)
 PSPermGen       total 21504K, used 6315K [0x00000006fae00000, 0x00000006fc300000, 0x0000000700000000)
  object space 21504K, 29% used [0x00000006fae00000,0x00000006fb42ac10,0x00000006fc300000)
Event: 35.323 GC heap after
Heap after GC invocations=26 (full 5):
 PSYoungGen      total 598016K, used 164326K [0x00000007aaa80000, 0x00000007e0180000, 0x0000000800000000)
  eden space 433664K, 0% used [0x00000007aaa80000,0x00000007aaa80000,0x00000007c5200000)
  from space 164352K, 99% used [0x00000007c5200000,0x00000007cf279ad0,0x00000007cf280000)
  to   space 191488K, 0% used [0x00000007d4680000,0x00000007d4680000,0x00000007e0180000)
 ParOldGen       total 669184K, used 475892K [0x0000000700000000, 0x0000000728d80000, 0x00000007aaa80000)
  object space 669184K, 71% used [0x0000000700000000,0x000000071d0bd1c8,0x0000000728d80000)
 PSPermGen       total 21504K, used 6315K [0x00000006fae00000, 0x00000006fc300000, 0x0000000700000000)
  object space 21504K, 29% used [0x00000006fae00000,0x00000006fb42ac10,0x00000006fc300000)
}
Event: 36.886 GC heap before
{Heap before GC invocations=27 (full 5):
 PSYoungGen      total 598016K, used 597990K [0x00000007aaa80000, 0x00000007e0180000, 0x0000000800000000)
  eden space 433664K, 100% used [0x00000007aaa80000,0x00000007c5200000,0x00000007c5200000)
  from space 164352K, 99% used [0x00000007c5200000,0x00000007cf279ad0,0x00000007cf280000)
  to   space 191488K, 0% used [0x00000007d4680000,0x00000007d4680000,0x00000007e0180000)
 ParOldGen       total 669184K, used 475892K [0x0000000700000000, 0x0000000728d80000, 0x00000007aaa80000)
  object space 669184K, 71% used [0x0000000700000000,0x000000071d0bd1c8,0x0000000728d80000)
 PSPermGen       total 21504K, used 6316K [0x00000006fae00000, 0x00000006fc300000, 0x0000000700000000)
  object space 21504K, 29% used [0x00000006fae00000,0x00000006fb42b198,0x00000006fc300000)
Event: 37.371 GC heap after
Heap after GC invocations=27 (full 5):
 PSYoungGen      total 625152K, used 138167K [0x00000007aaa80000, 0x00000007e0180000, 0x0000000800000000)
  eden space 433664K, 0% used [0x00000007aaa80000,0x00000007aaa80000,0x00000007c5200000)
  from space 191488K, 72% used [0x00000007d4680000,0x00000007dcd6de80,0x00000007e0180000)
  to   space 164352K, 0% used [0x00000007c5200000,0x00000007c5200000,0x00000007cf280000)
 ParOldGen       total 669184K, used 522151K [0x0000000700000000, 0x0000000728d80000, 0x00000007aaa80000)
  object space 669184K, 78% used [0x0000000700000000,0x000000071fde9c58,0x0000000728d80000)
 PSPermGen       total 21504K, used 6316K [0x00000006fae00000, 0x00000006fc300000, 0x0000000700000000)
  object space 21504K, 29% used [0x00000006fae00000,0x00000006fb42b198,0x00000006fc300000)
}
Event: 39.178 GC heap before
{Heap before GC invocations=28 (full 5):
 PSYoungGen      total 625152K, used 571831K [0x00000007aaa80000, 0x00000007e0180000, 0x0000000800000000)
  eden space 433664K, 100% used [0x00000007aaa80000,0x00000007c5200000,0x00000007c5200000)
  from space 191488K, 72% used [0x00000007d4680000,0x00000007dcd6de80,0x00000007e0180000)
  to   space 164352K, 0% used [0x00000007c5200000,0x00000007c5200000,0x00000007cf280000)
 ParOldGen       total 669184K, used 522151K [0x0000000700000000, 0x0000000728d80000, 0x00000007aaa80000)
  object space 669184K, 78% used [0x0000000700000000,0x000000071fde9c58,0x0000000728d80000)
 PSPermGen       total 21504K, used 6319K [0x00000006fae00000, 0x00000006fc300000, 0x0000000700000000)
  object space 21504K, 29% used [0x00000006fae00000,0x00000006fb42bfe0,0x00000006fc300000)
Event: 39.615 GC heap after
Heap after GC invocations=28 (full 5):
 PSYoungGen      total 598016K, used 164341K [0x00000007aaa80000, 0x00000007e0180000, 0x0000000800000000)
  eden space 433664K, 0% used [0x00000007aaa80000,0x00000007aaa80000,0x00000007c5200000)
  from space 164352K, 99% used [0x00000007c5200000,0x00000007cf27d700,0x00000007cf280000)
  to   space 191488K, 0% used [0x00000007d4680000,0x00000007d4680000,0x00000007e0180000)
 ParOldGen       total 669184K, used 563288K [0x0000000700000000, 0x0000000728d80000, 0x00000007aaa80000)
  object space 669184K, 84% used [0x0000000700000000,0x0000000722616330,0x0000000728d80000)
 PSPermGen       total 21504K, used 6319K [0x00000006fae00000, 0x00000006fc300000, 0x0000000700000000)
  object space 21504K, 29% used [0x00000006fae00000,0x00000006fb42bfe0,0x00000006fc300000)
}
Event: 41.105 GC heap before
{Heap before GC invocations=29 (full 5):
 PSYoungGen      total 598016K, used 598005K [0x00000007aaa80000, 0x00000007e0180000, 0x0000000800000000)
  eden space 433664K, 100% used [0x00000007aaa80000,0x00000007c5200000,0x00000007c5200000)
  from space 164352K, 99% used [0x00000007c5200000,0x00000007cf27d700,0x00000007cf280000)
  to   space 191488K, 0% used [0x00000007d4680000,0x00000007d4680000,0x00000007e0180000)
 ParOldGen       total 669184K, used 563288K [0x0000000700000000, 0x0000000728d80000, 0x00000007aaa80000)
  object space 669184K, 84% used [0x0000000700000000,0x0000000722616330,0x0000000728d80000)
 PSPermGen       total 21504K, used 6370K [0x00000006fae00000, 0x00000006fc300000, 0x0000000700000000)
  object space 21504K, 29% used [0x00000006fae00000,0x00000006fb438998,0x00000006fc300000)
Event: 41.660 GC heap after
Heap after GC invocations=29 (full 5):
 PSYoungGen      total 625152K, used 182971K [0x00000007aaa80000, 0x00000007e0180000, 0x0000000800000000)
  eden space 433664K, 0% used [0x00000007aaa80000,0x00000007aaa80000,0x00000007c5200000)
  from space 191488K, 95% used [0x00000007d4680000,0x00000007df92ec28,0x00000007e0180000)
  to   space 164352K, 0% used [0x00000007c5200000,0x00000007c5200000,0x00000007cf280000)
 ParOldGen       total 669184K, used 608574K [0x0000000700000000, 0x0000000728d80000, 0x00000007aaa80000)
  object space 669184K, 90% used [0x0000000700000000,0x000000072524fb48,0x0000000728d80000)
 PSPermGen       total 21504K, used 6370K [0x00000006fae00000, 0x00000006fc300000, 0x0000000700000000)
  object space 21504K, 29% used [0x00000006fae00000,0x00000006fb438998,0x00000006fc300000)
}
Event: 41.660 GC heap before
{Heap before GC invocations=30 (full 6):
 PSYoungGen      total 625152K, used 182971K [0x00000007aaa80000, 0x00000007e0180000, 0x0000000800000000)
  eden space 433664K, 0% used [0x00000007aaa80000,0x00000007aaa80000,0x00000007c5200000)
  from space 191488K, 95% used [0x00000007d4680000,0x00000007df92ec28,0x00000007e0180000)
  to   space 164352K, 0% used [0x00000007c5200000,0x00000007c5200000,0x00000007cf280000)
 ParOldGen       total 669184K, used 608574K [0x0000000700000000, 0x0000000728d80000, 0x00000007aaa80000)
  object space 669184K, 90% used [0x0000000700000000,0x000000072524fb48,0x0000000728d80000)
 PSPermGen       total 21504K, used 6370K [0x00000006fae00000, 0x00000006fc300000, 0x0000000700000000)
  object space 21504K, 29% used [0x00000006fae00000,0x00000006fb438998,0x00000006fc300000)
Event: 50.382 GC heap after
Heap after GC invocations=30 (full 6):
 PSYoungGen      total 625152K, used 114879K [0x00000007aaa80000, 0x00000007e0180000, 0x0000000800000000)
  eden space 433664K, 0% used [0x00000007aaa80000,0x00000007aaa80000,0x00000007c5200000)
  from space 191488K, 59% used [0x00000007d4680000,0x00000007db6affa0,0x00000007e0180000)
  to   space 164352K, 0% used [0x00000007c5200000,0x00000007c5200000,0x00000007cf280000)
 ParOldGen       total 669184K, used 668933K [0x0000000700000000, 0x0000000728d80000, 0x00000007aaa80000)
  object space 669184K, 99% used [0x0000000700000000,0x0000000728d416f0,0x0000000728d80000)
 PSPermGen       total 21504K, used 6370K [0x00000006fae00000, 0x00000006fc300000, 0x0000000700000000)
  object space 21504K, 29% used [0x00000006fae00000,0x00000006fb438888,0x00000006fc300000)
}

