# JRE version: Java(TM) SE Runtime Environment (7.0_79-b15) (build 1.7.0_79-b15)
# Java VM: Java HotSpot(TM) 64-Bit Server VM (24.79-b02 mixed mode windows-amd64 compressed oops)
Heap
 PSYoungGen      total 367616K, used 320181K [0x00000007aaa80000, 0x00000007c9080000, 0x0000000800000000)
  eden space 269824K, 90% used [0x00000007aaa80000,0x00000007b98e7468,0x00000007bb200000)
  from space 97792K, 77% used [0x00000007c3100000,0x00000007c7b46318,0x00000007c9080000)
  to   space 75776K, 0% used [0x00000007bb200000,0x00000007bb200000,0x00000007bfc00000)
 ParOldGen       total 367616K, used 304057K [0x0000000700000000, 0x0000000716700000, 0x00000007aaa80000)
  object space 367616K, 82% used [0x0000000700000000,0x00000007128ee598,0x0000000716700000)
 PSPermGen       total 21504K, used 6284K [0x00000006fae00000, 0x00000006fc300000, 0x0000000700000000)
  object space 21504K, 29% used [0x00000006fae00000,0x00000006fb4232e8,0x00000006fc300000)
GC Heap History (10 events):
Event: 28.261 GC heap before
{Heap before GC invocations=20 (full 3):
 PSYoungGen      total 302080K, used 302076K [0x00000007aaa80000, 0x00000007c2b00000, 0x0000000800000000)
  eden space 245248K, 100% used [0x00000007aaa80000,0x00000007b9a00000,0x00000007b9a00000)
  from space 56832K, 99% used [0x00000007bdb00000,0x00000007c127f238,0x00000007c1280000)
  to   space 66560K, 0% used [0x00000007b9a00000,0x00000007b9a00000,0x00000007bdb00000)
 ParOldGen       total 235520K, used 164532K [0x0000000700000000, 0x000000070e600000, 0x00000007aaa80000)
  object space 235520K, 69% used [0x0000000700000000,0x000000070a0ad270,0x000000070e600000)
 PSPermGen       total 21504K, used 6213K [0x00000006fae00000, 0x00000006fc300000, 0x0000000700000000)
  object space 21504K, 28% used [0x00000006fae00000,0x00000006fb411680,0x00000006fc300000)
Event: 28.479 GC heap after
Heap after GC invocations=20 (full 3):
 PSYoungGen      total 311808K, used 40438K [0x00000007aaa80000, 0x00000007c3e80000, 0x0000000800000000)
  eden space 245248K, 0% used [0x00000007aaa80000,0x00000007aaa80000,0x00000007b9a00000)
  from space 66560K, 60% used [0x00000007b9a00000,0x00000007bc17dba8,0x00000007bdb00000)
  to   space 68096K, 0% used [0x00000007bfc00000,0x00000007bfc00000,0x00000007c3e80000)
 ParOldGen       total 235520K, used 220410K [0x0000000700000000, 0x000000070e600000, 0x00000007aaa80000)
  object space 235520K, 93% used [0x0000000700000000,0x000000070d73e838,0x000000070e600000)
 PSPermGen       total 21504K, used 6213K [0x00000006fae00000, 0x00000006fc300000, 0x0000000700000000)
  object space 21504K, 28% used [0x00000006fae00000,0x00000006fb411680,0x00000006fc300000)
}
Event: 28.479 GC heap before
{Heap before GC invocations=21 (full 4):
 PSYoungGen      total 311808K, used 40438K [0x00000007aaa80000, 0x00000007c3e80000, 0x0000000800000000)
  eden space 245248K, 0% used [0x00000007aaa80000,0x00000007aaa80000,0x00000007b9a00000)
  from space 66560K, 60% used [0x00000007b9a00000,0x00000007bc17dba8,0x00000007bdb00000)
  to   space 68096K, 0% used [0x00000007bfc00000,0x00000007bfc00000,0x00000007c3e80000)
 ParOldGen       total 235520K, used 220410K [0x0000000700000000, 0x000000070e600000, 0x00000007aaa80000)
  object space 235520K, 93% used [0x0000000700000000,0x000000070d73e838,0x000000070e600000)
 PSPermGen       total 21504K, used 6213K [0x00000006fae00000, 0x00000006fc300000, 0x0000000700000000)
  object space 21504K, 28% used [0x00000006fae00000,0x00000006fb411680,0x00000006fc300000)
Event: 30.635 GC heap after
Heap after GC invocations=21 (full 4):
 PSYoungGen      total 311808K, used 22819K [0x00000007aaa80000, 0x00000007c3e80000, 0x0000000800000000)
  eden space 245248K, 0% used [0x00000007aaa80000,0x00000007aaa80000,0x00000007b9a00000)
  from space 66560K, 34% used [0x00000007b9a00000,0x00000007bb048f18,0x00000007bdb00000)
  to   space 68096K, 0% used [0x00000007bfc00000,0x00000007bfc00000,0x00000007c3e80000)
 ParOldGen       total 367616K, used 235163K [0x0000000700000000, 0x0000000716700000, 0x00000007aaa80000)
  object space 367616K, 63% used [0x0000000700000000,0x000000070e5a6e58,0x0000000716700000)
 PSPermGen       total 21504K, used 6213K [0x00000006fae00000, 0x00000006fc300000, 0x0000000700000000)
  object space 21504K, 28% used [0x00000006fae00000,0x00000006fb4114c0,0x00000006fc300000)
}
Event: 33.653 GC heap before
{Heap before GC invocations=22 (full 4):
 PSYoungGen      total 311808K, used 268067K [0x00000007aaa80000, 0x00000007c3e80000, 0x0000000800000000)
  eden space 245248K, 100% used [0x00000007aaa80000,0x00000007b9a00000,0x00000007b9a00000)
  from space 66560K, 34% used [0x00000007b9a00000,0x00000007bb048f18,0x00000007bdb00000)
  to   space 68096K, 0% used [0x00000007bfc00000,0x00000007bfc00000,0x00000007c3e80000)
 ParOldGen       total 367616K, used 235163K [0x0000000700000000, 0x0000000716700000, 0x00000007aaa80000)
  object space 367616K, 63% used [0x0000000700000000,0x000000070e5a6e58,0x0000000716700000)
 PSPermGen       total 21504K, used 6220K [0x00000006fae00000, 0x00000006fc300000, 0x0000000700000000)
  object space 21504K, 28% used [0x00000006fae00000,0x00000006fb4132a8,0x00000006fc300000)
Event: 33.879 GC heap after
Heap after GC invocations=22 (full 4):
 PSYoungGen      total 337920K, used 58668K [0x00000007aaa80000, 0x00000007c4880000, 0x0000000800000000)
  eden space 269824K, 0% used [0x00000007aaa80000,0x00000007aaa80000,0x00000007bb200000)
  from space 68096K, 86% used [0x00000007bfc00000,0x00000007c354b310,0x00000007c3e80000)
  to   space 75776K, 0% used [0x00000007bb200000,0x00000007bb200000,0x00000007bfc00000)
 ParOldGen       total 367616K, used 235163K [0x0000000700000000, 0x0000000716700000, 0x00000007aaa80000)
  object space 367616K, 63% used [0x0000000700000000,0x000000070e5a6e58,0x0000000716700000)
 PSPermGen       total 21504K, used 6220K [0x00000006fae00000, 0x00000006fc300000, 0x0000000700000000)
  object space 21504K, 28% used [0x00000006fae00000,0x00000006fb4132a8,0x00000006fc300000)
}
Event: 36.509 GC heap before
{Heap before GC invocations=23 (full 4):
 PSYoungGen      total 337920K, used 328492K [0x00000007aaa80000, 0x00000007c4880000, 0x0000000800000000)
  eden space 269824K, 100% used [0x00000007aaa80000,0x00000007bb200000,0x00000007bb200000)
  from space 68096K, 86% used [0x00000007bfc00000,0x00000007c354b310,0x00000007c3e80000)
  to   space 75776K, 0% used [0x00000007bb200000,0x00000007bb200000,0x00000007bfc00000)
 ParOldGen       total 367616K, used 235163K [0x0000000700000000, 0x0000000716700000, 0x00000007aaa80000)
  object space 367616K, 63% used [0x0000000700000000,0x000000070e5a6e58,0x0000000716700000)
 PSPermGen       total 21504K, used 6264K [0x00000006fae00000, 0x00000006fc300000, 0x0000000700000000)
  object space 21504K, 29% used [0x00000006fae00000,0x00000006fb41e308,0x00000006fc300000)
Event: 36.864 GC heap after
Heap after GC invocations=23 (full 4):
 PSYoungGen      total 345600K, used 75756K [0x00000007aaa80000, 0x00000007c9080000, 0x0000000800000000)
  eden space 269824K, 0% used [0x00000007aaa80000,0x00000007aaa80000,0x00000007bb200000)
  from space 75776K, 99% used [0x00000007bb200000,0x00000007bfbfb000,0x00000007bfc00000)
  to   space 97792K, 0% used [0x00000007c3100000,0x00000007c3100000,0x00000007c9080000)
 ParOldGen       total 367616K, used 261242K [0x0000000700000000, 0x0000000716700000, 0x00000007aaa80000)
  object space 367616K, 71% used [0x0000000700000000,0x000000070ff1eb50,0x0000000716700000)
 PSPermGen       total 21504K, used 6264K [0x00000006fae00000, 0x00000006fc300000, 0x0000000700000000)
  object space 21504K, 29% used [0x00000006fae00000,0x00000006fb41e308,0x00000006fc300000)
}
Event: 38.723 GC heap before
{Heap before GC invocations=24 (full 4):
 PSYoungGen      total 345600K, used 345580K [0x00000007aaa80000, 0x00000007c9080000, 0x0000000800000000)
  eden space 269824K, 100% used [0x00000007aaa80000,0x00000007bb200000,0x00000007bb200000)
  from space 75776K, 99% used [0x00000007bb200000,0x00000007bfbfb000,0x00000007bfc00000)
  to   space 97792K, 0% used [0x00000007c3100000,0x00000007c3100000,0x00000007c9080000)
 ParOldGen       total 367616K, used 261242K [0x0000000700000000, 0x0000000716700000, 0x00000007aaa80000)
  object space 367616K, 71% used [0x0000000700000000,0x000000070ff1eb50,0x0000000716700000)
 PSPermGen       total 21504K, used 6274K [0x00000006fae00000, 0x00000006fc300000, 0x0000000700000000)
  object space 21504K, 29% used [0x00000006fae00000,0x00000006fb420940,0x00000006fc300000)
Event: 39.029 GC heap after
Heap after GC invocations=24 (full 4):
 PSYoungGen      total 367616K, used 76056K [0x00000007aaa80000, 0x00000007c9080000, 0x0000000800000000)
  eden space 269824K, 0% used [0x00000007aaa80000,0x00000007aaa80000,0x00000007bb200000)
  from space 97792K, 77% used [0x00000007c3100000,0x00000007c7b46318,0x00000007c9080000)
  to   space 75776K, 0% used [0x00000007bb200000,0x00000007bb200000,0x00000007bfc00000)
 ParOldGen       total 367616K, used 304057K [0x0000000700000000, 0x0000000716700000, 0x00000007aaa80000)
  object space 367616K, 82% used [0x0000000700000000,0x00000007128ee598,0x0000000716700000)
 PSPermGen       total 21504K, used 6274K [0x00000006fae00000, 0x00000006fc300000, 0x0000000700000000)
  object space 21504K, 29% used [0x00000006fae00000,0x00000006fb420940,0x00000006fc300000)
}

