# JRE version: Java(TM) SE Runtime Environment (7.0_79-b15) (build 1.7.0_79-b15)
# Java VM: Java HotSpot(TM) 64-Bit Server VM (24.79-b02 mixed mode windows-amd64 compressed oops)
Heap
 PSYoungGen      total 262144K, used 202240K [0x00000007aaa80000, 0x00000007c0c00000, 0x0000000800000000)
  eden space 202240K, 100% used [0x00000007aaa80000,0x00000007b7000000,0x00000007b7000000)
  from space 59904K, 0% used [0x00000007b7000000,0x00000007b7000000,0x00000007baa80000)
  to   space 57344K, 0% used [0x00000007bd400000,0x00000007bd400000,0x00000007c0c00000)
 ParOldGen       total 168960K, used 168723K [0x0000000700000000, 0x000000070a500000, 0x00000007aaa80000)
  object space 168960K, 99% used [0x0000000700000000,0x000000070a4c4c20,0x000000070a500000)
 PSPermGen       total 21504K, used 6270K [0x00000006fae00000, 0x00000006fc300000, 0x0000000700000000)
  object space 21504K, 29% used [0x00000006fae00000,0x00000006fb41fa80,0x00000006fc300000)
GC Heap History (10 events):
Event: 23.348 GC heap before
{Heap before GC invocations=22 (full 7):
 PSYoungGen      total 262144K, used 202240K [0x00000007aaa80000, 0x00000007c0c00000, 0x0000000800000000)
  eden space 202240K, 100% used [0x00000007aaa80000,0x00000007b7000000,0x00000007b7000000)
  from space 59904K, 0% used [0x00000007b7000000,0x00000007b7000000,0x00000007baa80000)
  to   space 57344K, 0% used [0x00000007bd400000,0x00000007bd400000,0x00000007c0c00000)
 ParOldGen       total 168960K, used 168795K [0x0000000700000000, 0x000000070a500000, 0x00000007aaa80000)
  object space 168960K, 99% used [0x0000000700000000,0x000000070a4d6c40,0x000000070a500000)
 PSPermGen       total 21504K, used 6224K [0x00000006fae00000, 0x00000006fc300000, 0x0000000700000000)
  object space 21504K, 28% used [0x00000006fae00000,0x00000006fb4140b0,0x00000006fc300000)
Event: 24.391 GC heap after
Heap after GC invocations=22 (full 7):
 PSYoungGen      total 262144K, used 101358K [0x00000007aaa80000, 0x00000007c0c00000, 0x0000000800000000)
  eden space 202240K, 50% used [0x00000007aaa80000,0x00000007b0d7b970,0x00000007b7000000)
  from space 59904K, 0% used [0x00000007b7000000,0x00000007b7000000,0x00000007baa80000)
  to   space 57344K, 0% used [0x00000007bd400000,0x00000007bd400000,0x00000007c0c00000)
 ParOldGen       total 168960K, used 168795K [0x0000000700000000, 0x000000070a500000, 0x00000007aaa80000)
  object space 168960K, 99% used [0x0000000700000000,0x000000070a4d6c40,0x000000070a500000)
 PSPermGen       total 21504K, used 6224K [0x00000006fae00000, 0x00000006fc300000, 0x0000000700000000)
  object space 21504K, 28% used [0x00000006fae00000,0x00000006fb4140b0,0x00000006fc300000)
}
Event: 25.384 GC heap before
{Heap before GC invocations=23 (full 8):
 PSYoungGen      total 262144K, used 202240K [0x00000007aaa80000, 0x00000007c0c00000, 0x0000000800000000)
  eden space 202240K, 100% used [0x00000007aaa80000,0x00000007b7000000,0x00000007b7000000)
  from space 59904K, 0% used [0x00000007b7000000,0x00000007b7000000,0x00000007baa80000)
  to   space 57344K, 0% used [0x00000007bd400000,0x00000007bd400000,0x00000007c0c00000)
 ParOldGen       total 168960K, used 168795K [0x0000000700000000, 0x000000070a500000, 0x00000007aaa80000)
  object space 168960K, 99% used [0x0000000700000000,0x000000070a4d6c40,0x000000070a500000)
 PSPermGen       total 21504K, used 6226K [0x00000006fae00000, 0x00000006fc300000, 0x0000000700000000)
  object space 21504K, 28% used [0x00000006fae00000,0x00000006fb414a80,0x00000006fc300000)
Event: 26.599 GC heap after
Heap after GC invocations=23 (full 8):
 PSYoungGen      total 262144K, used 116883K [0x00000007aaa80000, 0x00000007c0c00000, 0x0000000800000000)
  eden space 202240K, 57% used [0x00000007aaa80000,0x00000007b1ca4da0,0x00000007b7000000)
  from space 59904K, 0% used [0x00000007b7000000,0x00000007b7000000,0x00000007baa80000)
  to   space 57344K, 0% used [0x00000007bd400000,0x00000007bd400000,0x00000007c0c00000)
 ParOldGen       total 168960K, used 168795K [0x0000000700000000, 0x000000070a500000, 0x00000007aaa80000)
  object space 168960K, 99% used [0x0000000700000000,0x000000070a4d6c40,0x000000070a500000)
 PSPermGen       total 21504K, used 6226K [0x00000006fae00000, 0x00000006fc300000, 0x0000000700000000)
  object space 21504K, 28% used [0x00000006fae00000,0x00000006fb414a60,0x00000006fc300000)
}
Event: 27.444 GC heap before
{Heap before GC invocations=24 (full 9):
 PSYoungGen      total 262144K, used 202240K [0x00000007aaa80000, 0x00000007c0c00000, 0x0000000800000000)
  eden space 202240K, 100% used [0x00000007aaa80000,0x00000007b7000000,0x00000007b7000000)
  from space 59904K, 0% used [0x00000007b7000000,0x00000007b7000000,0x00000007baa80000)
  to   space 57344K, 0% used [0x00000007bd400000,0x00000007bd400000,0x00000007c0c00000)
 ParOldGen       total 168960K, used 168795K [0x0000000700000000, 0x000000070a500000, 0x00000007aaa80000)
  object space 168960K, 99% used [0x0000000700000000,0x000000070a4d6c40,0x000000070a500000)
 PSPermGen       total 21504K, used 6231K [0x00000006fae00000, 0x00000006fc300000, 0x0000000700000000)
  object space 21504K, 28% used [0x00000006fae00000,0x00000006fb415dd8,0x00000006fc300000)
Event: 28.434 GC heap after
Heap after GC invocations=24 (full 9):
 PSYoungGen      total 262144K, used 128548K [0x00000007aaa80000, 0x00000007c0c00000, 0x0000000800000000)
  eden space 202240K, 63% used [0x00000007aaa80000,0x00000007b28092a0,0x00000007b7000000)
  from space 59904K, 0% used [0x00000007b7000000,0x00000007b7000000,0x00000007baa80000)
  to   space 57344K, 0% used [0x00000007bd400000,0x00000007bd400000,0x00000007c0c00000)
 ParOldGen       total 168960K, used 168787K [0x0000000700000000, 0x000000070a500000, 0x00000007aaa80000)
  object space 168960K, 99% used [0x0000000700000000,0x000000070a4d4c30,0x000000070a500000)
 PSPermGen       total 21504K, used 6231K [0x00000006fae00000, 0x00000006fc300000, 0x0000000700000000)
  object space 21504K, 28% used [0x00000006fae00000,0x00000006fb415dd8,0x00000006fc300000)
}
Event: 28.650 GC heap before
{Heap before GC invocations=25 (full 10):
 PSYoungGen      total 262144K, used 202240K [0x00000007aaa80000, 0x00000007c0c00000, 0x0000000800000000)
  eden space 202240K, 100% used [0x00000007aaa80000,0x00000007b7000000,0x00000007b7000000)
  from space 59904K, 0% used [0x00000007b7000000,0x00000007b7000000,0x00000007baa80000)
  to   space 57344K, 0% used [0x00000007bd400000,0x00000007bd400000,0x00000007c0c00000)
 ParOldGen       total 168960K, used 168787K [0x0000000700000000, 0x000000070a500000, 0x00000007aaa80000)
  object space 168960K, 99% used [0x0000000700000000,0x000000070a4d4c30,0x000000070a500000)
 PSPermGen       total 21504K, used 6231K [0x00000006fae00000, 0x00000006fc300000, 0x0000000700000000)
  object space 21504K, 28% used [0x00000006fae00000,0x00000006fb415eb0,0x00000006fc300000)
Event: 29.840 GC heap after
Heap after GC invocations=25 (full 10):
 PSYoungGen      total 262144K, used 139295K [0x00000007aaa80000, 0x00000007c0c00000, 0x0000000800000000)
  eden space 202240K, 68% used [0x00000007aaa80000,0x00000007b3287c38,0x00000007b7000000)
  from space 59904K, 0% used [0x00000007b7000000,0x00000007b7000000,0x00000007baa80000)
  to   space 57344K, 0% used [0x00000007bd400000,0x00000007bd400000,0x00000007c0c00000)
 ParOldGen       total 168960K, used 168723K [0x0000000700000000, 0x000000070a500000, 0x00000007aaa80000)
  object space 168960K, 99% used [0x0000000700000000,0x000000070a4c4c20,0x000000070a500000)
 PSPermGen       total 21504K, used 6231K [0x00000006fae00000, 0x00000006fc300000, 0x0000000700000000)
  object space 21504K, 28% used [0x00000006fae00000,0x00000006fb415eb0,0x00000006fc300000)
}
Event: 30.295 GC heap before
{Heap before GC invocations=26 (full 11):
 PSYoungGen      total 262144K, used 202240K [0x00000007aaa80000, 0x00000007c0c00000, 0x0000000800000000)
  eden space 202240K, 100% used [0x00000007aaa80000,0x00000007b7000000,0x00000007b7000000)
  from space 59904K, 0% used [0x00000007b7000000,0x00000007b7000000,0x00000007baa80000)
  to   space 57344K, 0% used [0x00000007bd400000,0x00000007bd400000,0x00000007c0c00000)
 ParOldGen       total 168960K, used 168723K [0x0000000700000000, 0x000000070a500000, 0x00000007aaa80000)
  object space 168960K, 99% used [0x0000000700000000,0x000000070a4c4c20,0x000000070a500000)
 PSPermGen       total 21504K, used 6269K [0x00000006fae00000, 0x00000006fc300000, 0x0000000700000000)
  object space 21504K, 29% used [0x00000006fae00000,0x00000006fb41f440,0x00000006fc300000)
Event: 31.425 GC heap after
Heap after GC invocations=26 (full 11):
 PSYoungGen      total 262144K, used 149417K [0x00000007aaa80000, 0x00000007c0c00000, 0x0000000800000000)
  eden space 202240K, 73% used [0x00000007aaa80000,0x00000007b3c6a5f8,0x00000007b7000000)
  from space 59904K, 0% used [0x00000007b7000000,0x00000007b7000000,0x00000007baa80000)
  to   space 57344K, 0% used [0x00000007bd400000,0x00000007bd400000,0x00000007c0c00000)
 ParOldGen       total 168960K, used 168723K [0x0000000700000000, 0x000000070a500000, 0x00000007aaa80000)
  object space 168960K, 99% used [0x0000000700000000,0x000000070a4c4c20,0x000000070a500000)
 PSPermGen       total 21504K, used 6269K [0x00000006fae00000, 0x00000006fc300000, 0x0000000700000000)
  object space 21504K, 29% used [0x00000006fae00000,0x00000006fb41f440,0x00000006fc300000)
}

