# JRE version: Java(TM) SE Runtime Environment (7.0_79-b15) (build 1.7.0_79-b15)
# Java VM: Java HotSpot(TM) 64-Bit Server VM (24.79-b02 mixed mode windows-amd64 compressed oops)
Heap
 PSYoungGen      total 550912K, used 334848K [0x00000007aaa80000, 0x00000007dfc00000, 0x0000000800000000)
  eden space 334848K, 100% used [0x00000007aaa80000,0x00000007bf180000,0x00000007bf180000)
  from space 216064K, 0% used [0x00000007bf180000,0x00000007bf180000,0x00000007cc480000)
  to   space 249344K, 0% used [0x00000007d0880000,0x00000007d0880000,0x00000007dfc00000)
 ParOldGen       total 546304K, used 545935K [0x0000000700000000, 0x0000000721580000, 0x00000007aaa80000)
  object space 546304K, 99% used [0x0000000700000000,0x0000000721523ec8,0x0000000721580000)
 PSPermGen       total 21504K, used 6342K [0x00000006fae00000, 0x00000006fc300000, 0x0000000700000000)
  object space 21504K, 29% used [0x00000006fae00000,0x00000006fb431948,0x00000006fc300000)
GC Heap History (10 events):
Event: 56.956 GC heap before
{Heap before GC invocations=34 (full 9):
 PSYoungGen      total 550912K, used 334848K [0x00000007aaa80000, 0x00000007dfc00000, 0x0000000800000000)
  eden space 334848K, 100% used [0x00000007aaa80000,0x00000007bf180000,0x00000007bf180000)
  from space 216064K, 0% used [0x00000007bf180000,0x00000007bf180000,0x00000007cc480000)
  to   space 249344K, 0% used [0x00000007d0880000,0x00000007d0880000,0x00000007dfc00000)
 ParOldGen       total 546304K, used 546079K [0x0000000700000000, 0x0000000721580000, 0x00000007aaa80000)
  object space 546304K, 99% used [0x0000000700000000,0x0000000721547f28,0x0000000721580000)
 PSPermGen       total 21504K, used 6312K [0x00000006fae00000, 0x00000006fc300000, 0x0000000700000000)
  object space 21504K, 29% used [0x00000006fae00000,0x00000006fb42a208,0x00000006fc300000)
Event: 59.403 GC heap after
Heap after GC invocations=34 (full 9):
 PSYoungGen      total 550912K, used 82003K [0x00000007aaa80000, 0x00000007dfc00000, 0x0000000800000000)
  eden space 334848K, 24% used [0x00000007aaa80000,0x00000007afa94d28,0x00000007bf180000)
  from space 216064K, 0% used [0x00000007bf180000,0x00000007bf180000,0x00000007cc480000)
  to   space 249344K, 0% used [0x00000007d0880000,0x00000007d0880000,0x00000007dfc00000)
 ParOldGen       total 546304K, used 546079K [0x0000000700000000, 0x0000000721580000, 0x00000007aaa80000)
  object space 546304K, 99% used [0x0000000700000000,0x0000000721547ee8,0x0000000721580000)
 PSPermGen       total 21504K, used 6312K [0x00000006fae00000, 0x00000006fc300000, 0x0000000700000000)
  object space 21504K, 29% used [0x00000006fae00000,0x00000006fb42a208,0x00000006fc300000)
}
Event: 60.649 GC heap before
{Heap before GC invocations=35 (full 10):
 PSYoungGen      total 550912K, used 334848K [0x00000007aaa80000, 0x00000007dfc00000, 0x0000000800000000)
  eden space 334848K, 100% used [0x00000007aaa80000,0x00000007bf180000,0x00000007bf180000)
  from space 216064K, 0% used [0x00000007bf180000,0x00000007bf180000,0x00000007cc480000)
  to   space 249344K, 0% used [0x00000007d0880000,0x00000007d0880000,0x00000007dfc00000)
 ParOldGen       total 546304K, used 546079K [0x0000000700000000, 0x0000000721580000, 0x00000007aaa80000)
  object space 546304K, 99% used [0x0000000700000000,0x0000000721547ee8,0x0000000721580000)
 PSPermGen       total 21504K, used 6314K [0x00000006fae00000, 0x00000006fc300000, 0x0000000700000000)
  object space 21504K, 29% used [0x00000006fae00000,0x00000006fb42a868,0x00000006fc300000)
Event: 63.467 GC heap after
Heap after GC invocations=35 (full 10):
 PSYoungGen      total 550912K, used 121265K [0x00000007aaa80000, 0x00000007dfc00000, 0x0000000800000000)
  eden space 334848K, 36% used [0x00000007aaa80000,0x00000007b20ec628,0x00000007bf180000)
  from space 216064K, 0% used [0x00000007bf180000,0x00000007bf180000,0x00000007cc480000)
  to   space 249344K, 0% used [0x00000007d0880000,0x00000007d0880000,0x00000007dfc00000)
 ParOldGen       total 546304K, used 546079K [0x0000000700000000, 0x0000000721580000, 0x00000007aaa80000)
  object space 546304K, 99% used [0x0000000700000000,0x0000000721547ee8,0x0000000721580000)
 PSPermGen       total 21504K, used 6314K [0x00000006fae00000, 0x00000006fc300000, 0x0000000700000000)
  object space 21504K, 29% used [0x00000006fae00000,0x00000006fb42a868,0x00000006fc300000)
}
Event: 64.360 GC heap before
{Heap before GC invocations=36 (full 11):
 PSYoungGen      total 550912K, used 334848K [0x00000007aaa80000, 0x00000007dfc00000, 0x0000000800000000)
  eden space 334848K, 100% used [0x00000007aaa80000,0x00000007bf180000,0x00000007bf180000)
  from space 216064K, 0% used [0x00000007bf180000,0x00000007bf180000,0x00000007cc480000)
  to   space 249344K, 0% used [0x00000007d0880000,0x00000007d0880000,0x00000007dfc00000)
 ParOldGen       total 546304K, used 546079K [0x0000000700000000, 0x0000000721580000, 0x00000007aaa80000)
  object space 546304K, 99% used [0x0000000700000000,0x0000000721547ee8,0x0000000721580000)
 PSPermGen       total 21504K, used 6314K [0x00000006fae00000, 0x00000006fc300000, 0x0000000700000000)
  object space 21504K, 29% used [0x00000006fae00000,0x00000006fb42aa68,0x00000006fc300000)
Event: 67.555 GC heap after
Heap after GC invocations=36 (full 11):
 PSYoungGen      total 550912K, used 154545K [0x00000007aaa80000, 0x00000007dfc00000, 0x0000000800000000)
  eden space 334848K, 46% used [0x00000007aaa80000,0x00000007b416c520,0x00000007bf180000)
  from space 216064K, 0% used [0x00000007bf180000,0x00000007bf180000,0x00000007cc480000)
  to   space 249344K, 0% used [0x00000007d0880000,0x00000007d0880000,0x00000007dfc00000)
 ParOldGen       total 546304K, used 545935K [0x0000000700000000, 0x0000000721580000, 0x00000007aaa80000)
  object space 546304K, 99% used [0x0000000700000000,0x0000000721523ec8,0x0000000721580000)
 PSPermGen       total 21504K, used 6314K [0x00000006fae00000, 0x00000006fc300000, 0x0000000700000000)
  object space 21504K, 29% used [0x00000006fae00000,0x00000006fb42aa68,0x00000006fc300000)
}
Event: 68.165 GC heap before
{Heap before GC invocations=37 (full 12):
 PSYoungGen      total 550912K, used 334848K [0x00000007aaa80000, 0x00000007dfc00000, 0x0000000800000000)
  eden space 334848K, 100% used [0x00000007aaa80000,0x00000007bf180000,0x00000007bf180000)
  from space 216064K, 0% used [0x00000007bf180000,0x00000007bf180000,0x00000007cc480000)
  to   space 249344K, 0% used [0x00000007d0880000,0x00000007d0880000,0x00000007dfc00000)
 ParOldGen       total 546304K, used 545935K [0x0000000700000000, 0x0000000721580000, 0x00000007aaa80000)
  object space 546304K, 99% used [0x0000000700000000,0x0000000721523ec8,0x0000000721580000)
 PSPermGen       total 21504K, used 6316K [0x00000006fae00000, 0x00000006fc300000, 0x0000000700000000)
  object space 21504K, 29% used [0x00000006fae00000,0x00000006fb42b088,0x00000006fc300000)
Event: 71.190 GC heap after
Heap after GC invocations=37 (full 12):
 PSYoungGen      total 550912K, used 181129K [0x00000007aaa80000, 0x00000007dfc00000, 0x0000000800000000)
  eden space 334848K, 54% used [0x00000007aaa80000,0x00000007b5b627d8,0x00000007bf180000)
  from space 216064K, 0% used [0x00000007bf180000,0x00000007bf180000,0x00000007cc480000)
  to   space 249344K, 0% used [0x00000007d0880000,0x00000007d0880000,0x00000007dfc00000)
 ParOldGen       total 546304K, used 545935K [0x0000000700000000, 0x0000000721580000, 0x00000007aaa80000)
  object space 546304K, 99% used [0x0000000700000000,0x0000000721523ec8,0x0000000721580000)
 PSPermGen       total 21504K, used 6316K [0x00000006fae00000, 0x00000006fc300000, 0x0000000700000000)
  object space 21504K, 29% used [0x00000006fae00000,0x00000006fb42b088,0x00000006fc300000)
}
Event: 71.710 GC heap before
{Heap before GC invocations=38 (full 13):
 PSYoungGen      total 550912K, used 334848K [0x00000007aaa80000, 0x00000007dfc00000, 0x0000000800000000)
  eden space 334848K, 100% used [0x00000007aaa80000,0x00000007bf180000,0x00000007bf180000)
  from space 216064K, 0% used [0x00000007bf180000,0x00000007bf180000,0x00000007cc480000)
  to   space 249344K, 0% used [0x00000007d0880000,0x00000007d0880000,0x00000007dfc00000)
 ParOldGen       total 546304K, used 545935K [0x0000000700000000, 0x0000000721580000, 0x00000007aaa80000)
  object space 546304K, 99% used [0x0000000700000000,0x0000000721523ec8,0x0000000721580000)
 PSPermGen       total 21504K, used 6316K [0x00000006fae00000, 0x00000006fc300000, 0x0000000700000000)
  object space 21504K, 29% used [0x00000006fae00000,0x00000006fb42b1a8,0x00000006fc300000)
Event: 74.862 GC heap after
Heap after GC invocations=38 (full 13):
 PSYoungGen      total 550912K, used 202902K [0x00000007aaa80000, 0x00000007dfc00000, 0x0000000800000000)
  eden space 334848K, 60% used [0x00000007aaa80000,0x00000007b70a58a8,0x00000007bf180000)
  from space 216064K, 0% used [0x00000007bf180000,0x00000007bf180000,0x00000007cc480000)
  to   space 249344K, 0% used [0x00000007d0880000,0x00000007d0880000,0x00000007dfc00000)
 ParOldGen       total 546304K, used 545935K [0x0000000700000000, 0x0000000721580000, 0x00000007aaa80000)
  object space 546304K, 99% used [0x0000000700000000,0x0000000721523ec8,0x0000000721580000)
 PSPermGen       total 21504K, used 6316K [0x00000006fae00000, 0x00000006fc300000, 0x0000000700000000)
  object space 21504K, 29% used [0x00000006fae00000,0x00000006fb42b1a8,0x00000006fc300000)
}

