# JRE version: Java(TM) SE Runtime Environment (7.0_79-b15) (build 1.7.0_79-b15)
# Java VM: Java HotSpot(TM) 64-Bit Server VM (24.79-b02 mixed mode windows-amd64 compressed oops)
Heap
 PSYoungGen      total 623104K, used 446264K [0x00000007aaa80000, 0x00000007dc480000, 0x0000000800000000)
  eden space 450048K, 99% used [0x00000007aaa80000,0x00000007c5e4e0b0,0x00000007c6200000)
  from space 173056K, 0% used [0x00000007c6200000,0x00000007c6200000,0x00000007d0b00000)
  to   space 161792K, 0% used [0x00000007d0b00000,0x00000007d0b00000,0x00000007da900000)
 ParOldGen       total 658432K, used 658373K [0x0000000700000000, 0x0000000728300000, 0x00000007aaa80000)
  object space 658432K, 99% used [0x0000000700000000,0x00000007282f17c8,0x0000000728300000)
 PSPermGen       total 21504K, used 6578K [0x00000006fae00000, 0x00000006fc300000, 0x0000000700000000)
  object space 21504K, 30% used [0x00000006fae00000,0x00000006fb46c8c8,0x00000006fc300000)
GC Heap History (10 events):
Event: 46.643 GC heap before
{Heap before GC invocations=26 (full 5):
 PSYoungGen      total 611840K, used 597513K [0x00000007aaa80000, 0x00000007dc480000, 0x0000000800000000)
  eden space 450048K, 100% used [0x00000007aaa80000,0x00000007c6200000,0x00000007c6200000)
  from space 161792K, 91% used [0x00000007d0b00000,0x00000007d9b02590,0x00000007da900000)
  to   space 173056K, 0% used [0x00000007c6200000,0x00000007c6200000,0x00000007d0b00000)
 ParOldGen       total 658432K, used 457603K [0x0000000700000000, 0x0000000728300000, 0x00000007aaa80000)
  object space 658432K, 69% used [0x0000000700000000,0x000000071bee0d30,0x0000000728300000)
 PSPermGen       total 21504K, used 6313K [0x00000006fae00000, 0x00000006fc300000, 0x0000000700000000)
  object space 21504K, 29% used [0x00000006fae00000,0x00000006fb42a6d8,0x00000006fc300000)
Event: 46.997 GC heap after
Heap after GC invocations=26 (full 5):
 PSYoungGen      total 623104K, used 173044K [0x00000007aaa80000, 0x00000007dc480000, 0x0000000800000000)
  eden space 450048K, 0% used [0x00000007aaa80000,0x00000007aaa80000,0x00000007c6200000)
  from space 173056K, 99% used [0x00000007c6200000,0x00000007d0afd358,0x00000007d0b00000)
  to   space 161792K, 0% used [0x00000007d0b00000,0x00000007d0b00000,0x00000007da900000)
 ParOldGen       total 658432K, used 481559K [0x0000000700000000, 0x0000000728300000, 0x00000007aaa80000)
  object space 658432K, 73% used [0x0000000700000000,0x000000071d645ff8,0x0000000728300000)
 PSPermGen       total 21504K, used 6313K [0x00000006fae00000, 0x00000006fc300000, 0x0000000700000000)
  object space 21504K, 29% used [0x00000006fae00000,0x00000006fb42a6d8,0x00000006fc300000)
}
Event: 49.146 GC heap before
{Heap before GC invocations=27 (full 5):
 PSYoungGen      total 623104K, used 623092K [0x00000007aaa80000, 0x00000007dc480000, 0x0000000800000000)
  eden space 450048K, 100% used [0x00000007aaa80000,0x00000007c6200000,0x00000007c6200000)
  from space 173056K, 99% used [0x00000007c6200000,0x00000007d0afd358,0x00000007d0b00000)
  to   space 161792K, 0% used [0x00000007d0b00000,0x00000007d0b00000,0x00000007da900000)
 ParOldGen       total 658432K, used 481559K [0x0000000700000000, 0x0000000728300000, 0x00000007aaa80000)
  object space 658432K, 73% used [0x0000000700000000,0x000000071d645ff8,0x0000000728300000)
 PSPermGen       total 21504K, used 6316K [0x00000006fae00000, 0x00000006fc300000, 0x0000000700000000)
  object space 21504K, 29% used [0x00000006fae00000,0x00000006fb42b140,0x00000006fc300000)
Event: 49.630 GC heap after
Heap after GC invocations=27 (full 5):
 PSYoungGen      total 611840K, used 140791K [0x00000007aaa80000, 0x00000007dc480000, 0x0000000800000000)
  eden space 450048K, 0% used [0x00000007aaa80000,0x00000007aaa80000,0x00000007c6200000)
  from space 161792K, 87% used [0x00000007d0b00000,0x00000007d947df40,0x00000007da900000)
  to   space 173056K, 0% used [0x00000007c6200000,0x00000007c6200000,0x00000007d0b00000)
 ParOldGen       total 658432K, used 546996K [0x0000000700000000, 0x0000000728300000, 0x00000007aaa80000)
  object space 658432K, 83% used [0x0000000700000000,0x000000072162d208,0x0000000728300000)
 PSPermGen       total 21504K, used 6316K [0x00000006fae00000, 0x00000006fc300000, 0x0000000700000000)
  object space 21504K, 29% used [0x00000006fae00000,0x00000006fb42b140,0x00000006fc300000)
}
Event: 51.492 GC heap before
{Heap before GC invocations=28 (full 5):
 PSYoungGen      total 611840K, used 590839K [0x00000007aaa80000, 0x00000007dc480000, 0x0000000800000000)
  eden space 450048K, 100% used [0x00000007aaa80000,0x00000007c6200000,0x00000007c6200000)
  from space 161792K, 87% used [0x00000007d0b00000,0x00000007d947df40,0x00000007da900000)
  to   space 173056K, 0% used [0x00000007c6200000,0x00000007c6200000,0x00000007d0b00000)
 ParOldGen       total 658432K, used 546996K [0x0000000700000000, 0x0000000728300000, 0x00000007aaa80000)
  object space 658432K, 83% used [0x0000000700000000,0x000000072162d208,0x0000000728300000)
 PSPermGen       total 21504K, used 6317K [0x00000006fae00000, 0x00000006fc300000, 0x0000000700000000)
  object space 21504K, 29% used [0x00000006fae00000,0x00000006fb42b6b0,0x00000006fc300000)
Event: 51.990 GC heap after
Heap after GC invocations=28 (full 5):
 PSYoungGen      total 623104K, used 173044K [0x00000007aaa80000, 0x00000007dc480000, 0x0000000800000000)
  eden space 450048K, 0% used [0x00000007aaa80000,0x00000007aaa80000,0x00000007c6200000)
  from space 173056K, 99% used [0x00000007c6200000,0x00000007d0afd1c8,0x00000007d0b00000)
  to   space 161792K, 0% used [0x00000007d0b00000,0x00000007d0b00000,0x00000007da900000)
 ParOldGen       total 658432K, used 582353K [0x0000000700000000, 0x0000000728300000, 0x00000007aaa80000)
  object space 658432K, 88% used [0x0000000700000000,0x00000007238b47a0,0x0000000728300000)
 PSPermGen       total 21504K, used 6317K [0x00000006fae00000, 0x00000006fc300000, 0x0000000700000000)
  object space 21504K, 29% used [0x00000006fae00000,0x00000006fb42b6b0,0x00000006fc300000)
}
Event: 51.990 GC heap before
{Heap before GC invocations=29 (full 6):
 PSYoungGen      total 623104K, used 173044K [0x00000007aaa80000, 0x00000007dc480000, 0x0000000800000000)
  eden space 450048K, 0% used [0x00000007aaa80000,0x00000007aaa80000,0x00000007c6200000)
  from space 173056K, 99% used [0x00000007c6200000,0x00000007d0afd1c8,0x00000007d0b00000)
  to   space 161792K, 0% used [0x00000007d0b00000,0x00000007d0b00000,0x00000007da900000)
 ParOldGen       total 658432K, used 582353K [0x0000000700000000, 0x0000000728300000, 0x00000007aaa80000)
  object space 658432K, 88% used [0x0000000700000000,0x00000007238b47a0,0x0000000728300000)
 PSPermGen       total 21504K, used 6317K [0x00000006fae00000, 0x00000006fc300000, 0x0000000700000000)
  object space 21504K, 29% used [0x00000006fae00000,0x00000006fb42b6b0,0x00000006fc300000)
Event: 57.774 GC heap after
Heap after GC invocations=29 (full 6):
 PSYoungGen      total 623104K, used 92452K [0x00000007aaa80000, 0x00000007dc480000, 0x0000000800000000)
  eden space 450048K, 0% used [0x00000007aaa80000,0x00000007aaa80000,0x00000007c6200000)
  from space 173056K, 53% used [0x00000007c6200000,0x00000007cbc49090,0x00000007d0b00000)
  to   space 161792K, 0% used [0x00000007d0b00000,0x00000007d0b00000,0x00000007da900000)
 ParOldGen       total 658432K, used 658170K [0x0000000700000000, 0x0000000728300000, 0x00000007aaa80000)
  object space 658432K, 99% used [0x0000000700000000,0x00000007282be910,0x0000000728300000)
 PSPermGen       total 21504K, used 6317K [0x00000006fae00000, 0x00000006fc300000, 0x0000000700000000)
  object space 21504K, 29% used [0x00000006fae00000,0x00000006fb42b650,0x00000006fc300000)
}
Event: 59.940 GC heap before
{Heap before GC invocations=30 (full 7):
 PSYoungGen      total 623104K, used 542500K [0x00000007aaa80000, 0x00000007dc480000, 0x0000000800000000)
  eden space 450048K, 100% used [0x00000007aaa80000,0x00000007c6200000,0x00000007c6200000)
  from space 173056K, 53% used [0x00000007c6200000,0x00000007cbc49090,0x00000007d0b00000)
  to   space 161792K, 0% used [0x00000007d0b00000,0x00000007d0b00000,0x00000007da900000)
 ParOldGen       total 658432K, used 658170K [0x0000000700000000, 0x0000000728300000, 0x00000007aaa80000)
  object space 658432K, 99% used [0x0000000700000000,0x00000007282be910,0x0000000728300000)
 PSPermGen       total 21504K, used 6397K [0x00000006fae00000, 0x00000006fc300000, 0x0000000700000000)
  object space 21504K, 29% used [0x00000006fae00000,0x00000006fb43f6f0,0x00000006fc300000)
Event: 69.519 GC heap after
Heap after GC invocations=30 (full 7):
 PSYoungGen      total 623104K, used 148212K [0x00000007aaa80000, 0x00000007dc480000, 0x0000000800000000)
  eden space 450048K, 32% used [0x00000007aaa80000,0x00000007b3b3d180,0x00000007c6200000)
  from space 173056K, 0% used [0x00000007c6200000,0x00000007c6200000,0x00000007d0b00000)
  to   space 161792K, 0% used [0x00000007d0b00000,0x00000007d0b00000,0x00000007da900000)
 ParOldGen       total 658432K, used 658373K [0x0000000700000000, 0x0000000728300000, 0x00000007aaa80000)
  object space 658432K, 99% used [0x0000000700000000,0x00000007282f17c8,0x0000000728300000)
 PSPermGen       total 21504K, used 6397K [0x00000006fae00000, 0x00000006fc300000, 0x0000000700000000)
  object space 21504K, 29% used [0x00000006fae00000,0x00000006fb43f600,0x00000006fc300000)
}

